<?xml version="1.0" encoding="UTF-8"?>
<!-- Generated by org.testng.reporters.JUnitReportReporter -->
<testsuite skipped="0" hostname="satya-PC" name="Executer.Executer" tests="4" failures="0" timestamp="11 Mar 2017 04:21:37 GMT" time="122.803" errors="0">
  <testcase name="userStorey2" time="36.102" classname="Executer.Executer"/>
  <testcase name="userStorey3" time="22.239" classname="Executer.Executer"/>
  <testcase name="userStorey1" time="38.669" classname="Executer.Executer"/>
  <testcase name="userStorey4" time="25.793" classname="Executer.Executer"/>
</testsuite> <!-- Executer.Executer -->
